<?xml version="1.0" encoding="UTF-8"?>
<!-- Generated by org.testng.reporters.JUnitReportReporter -->
<testsuite hostname="Rohit-pc" name="excelDataDriven.DataDriven" tests="1" failures="0" timestamp="3 Jun 2019 09:07:23 GMT" time="0.590" errors="0">
  <testcase name="ExcelDataDriven" time="0.590" classname="excelDataDriven.DataDriven"/>
</testsuite> <!-- excelDataDriven.DataDriven -->
