<?xml version="1.0" encoding="UTF-8"?>
<!-- Generated by org.testng.reporters.JUnitReportReporter -->
<testsuite hostname="Rohit-pc" name="com.primusbank.selenium.tests.PrimusNewBranchCreation" tests="1" failures="0" timestamp="2 Jun 2019 06:10:51 GMT" time="8.376" errors="0">
  <testcase name="CreateNewBranch" time="8.376" classname="com.primusbank.selenium.tests.PrimusNewBranchCreation"/>
</testsuite> <!-- com.primusbank.selenium.tests.PrimusNewBranchCreation -->
