<?xml version="1.0" encoding="UTF-8"?>
<!-- Generated by org.testng.reporters.JUnitReportReporter -->
<testsuite hostname="Rohit-pc" name="com.primusbank.selenium.tests.PrimusLoginPageTest" tests="4" failures="0" timestamp="1 Jun 2019 07:54:34 GMT" time="13.055" errors="0">
  <testcase name="PBTitleVerification" time="0.862" classname="com.primusbank.selenium.tests.PrimusLoginPageTest"/>
  <testcase name="PBValidUserLogin" time="5.636" classname="com.primusbank.selenium.tests.PrimusLoginPageTest"/>
  <testcase name="PBLoginWithDataProvider" time="4.029" classname="com.primusbank.selenium.tests.PrimusLoginPageTest"/>
  <testcase name="PBLoginWithDataProvider" time="2.528" classname="com.primusbank.selenium.tests.PrimusLoginPageTest"/>
</testsuite> <!-- com.primusbank.selenium.tests.PrimusLoginPageTest -->
