<?xml version="1.0" encoding="UTF-8"?>
<!-- Generated by org.testng.reporters.JUnitReportReporter -->
<testsuite hostname="Rohit-pc" name="com.primusbank.selenium.tests.PrimusHomePageTest" tests="1" failures="0" timestamp="1 Jun 2019 10:16:59 GMT" time="9.801" errors="0">
  <testcase name="ClickBranchesButton" time="9.801" classname="com.primusbank.selenium.tests.PrimusHomePageTest"/>
</testsuite> <!-- com.primusbank.selenium.tests.PrimusHomePageTest -->
