<?xml version="1.0" encoding="UTF-8"?>
<!-- Generated by org.testng.reporters.JUnitReportReporter -->
<testsuite hostname="Rohit-pc" name="excelDataDriven.Exceldriven1" tests="1" failures="0" timestamp="29 May 2019 13:26:54 GMT" time="0.585" errors="0">
  <testcase name="dataDriver" time="0.585" classname="excelDataDriven.Exceldriven1"/>
</testsuite> <!-- excelDataDriven.Exceldriven1 -->
