<?xml version="1.0" encoding="UTF-8"?>
<!-- Generated by org.testng.reporters.JUnitReportReporter -->
<testsuite hostname="Rohit-pc" name="Academy.VerifyTitle" tests="1" failures="0" timestamp="29 May 2019 14:44:02 GMT" time="0.627" errors="0">
  <testcase name="VerifyTitle" time="0.627" classname="Academy.VerifyTitle"/>
</testsuite> <!-- Academy.VerifyTitle -->
