<?xml version="1.0" encoding="UTF-8"?>
<!-- Generated by org.testng.reporters.JUnitReportReporter -->
<testsuite hostname="Rohit-pc" name="com.primusbank.selenium.tests.PrimusLoginExcelDrivenTest" tests="1" failures="0" timestamp="3 Jun 2019 10:35:28 GMT" time="7.435" errors="0">
  <testcase name="PBLoginExcelDriver" time="7.435" classname="com.primusbank.selenium.tests.PrimusLoginExcelDrivenTest"/>
</testsuite> <!-- com.primusbank.selenium.tests.PrimusLoginExcelDrivenTest -->
