<?xml version="1.0" encoding="UTF-8"?>
<!-- Generated by org.testng.reporters.JUnitReportReporter -->
<testsuite hostname="Rohit-pc" name="beta.Log4jDemo2" tests="1" failures="0" timestamp="28 May 2019 09:02:29 GMT" time="0.000" errors="0">
  <testcase name="Log4j2" time="0.000" classname="beta.Log4jDemo2"/>
</testsuite> <!-- beta.Log4jDemo2 -->
