<?xml version="1.0" encoding="UTF-8"?>
<!-- Generated by org.testng.reporters.JUnitReportReporter -->
<testsuite hostname="Rohit-pc" name="alpha.Log4jDemo1" tests="1" failures="0" timestamp="28 May 2019 09:02:29 GMT" time="0.000" errors="0">
  <testcase name="Log4j1" time="0.000" classname="alpha.Log4jDemo1"/>
</testsuite> <!-- alpha.Log4jDemo1 -->
