<?xml version="1.0" encoding="UTF-8"?>
<!-- Generated by org.testng.reporters.JUnitReportReporter -->
<testsuite hostname="Rohit-pc" name="Academy.HomePage" tests="2" failures="0" timestamp="28 May 2019 09:02:29 GMT" time="60.212" errors="0">
  <testcase name="QAClickAcademyLogin" time="33.119" classname="Academy.HomePage"/>
  <testcase name="QAClickAcademyLogin" time="27.093" classname="Academy.HomePage"/>
</testsuite> <!-- Academy.HomePage -->
