<?xml version="1.0" encoding="UTF-8"?>
<!-- Generated by org.testng.reporters.JUnitReportReporter -->
<testsuite hostname="Rohit-pc" name="Academy.authenticationPopUpLogin" tests="1" failures="0" timestamp="28 May 2019 09:02:29 GMT" time="10.496" errors="0">
  <testcase name="authenticationLogin" time="10.496" classname="Academy.authenticationPopUpLogin"/>
</testsuite> <!-- Academy.authenticationPopUpLogin -->
